     1.98879           0
     2.02622   0.0374358
     2.07367   0.0521351
     2.08996   0.0403035
     2.07556   0.0343773
     2.06635   0.0295419
     2.07741   0.0273065
     2.07924   0.0237189
     2.07463    0.021421
     2.07447   0.0191601
     2.07963   0.0180816
      2.0812    0.016581
     2.07881   0.0154393
     2.06949   0.0170603
     2.06338    0.017017
     2.06206   0.0159731
     2.06335   0.0150599
     2.06394   0.0142108
     2.06426   0.0134458
     2.06436   0.0127562
     2.06427   0.0121339
     2.06073   0.0120989
     2.06453   0.0121695
     2.06529   0.0116764
     2.06754   0.0114237
     2.06594   0.0110918
     2.06694   0.0107198
     2.06759     0.01035
     2.06698   0.0100052
     2.06552  0.00977585
     2.06609  0.00947279
     2.06723   0.0092423
     2.06594  0.00905019
     2.06364  0.00907672
     2.06496  0.00891196
     2.06214  0.00910808
     2.05939  0.00927667
     2.05904  0.00903609
     2.06044  0.00891297
      2.0607  0.00869098
     2.06054  0.00847784
     2.06163   0.0083454
     2.06253  0.00819902
     2.06221  0.00801708
     2.06078  0.00796635
     2.06147  0.00782209
     2.06114  0.00766115
     2.05958  0.00766038
     2.06076  0.00759519
     2.06192  0.00753189
     2.06196  0.00738284
     2.06143  0.00725932
     2.06192  0.00713806
     2.06335  0.00714816
      2.0643  0.00708155
     2.06442   0.0069549
     2.06543  0.00690722
      2.0655  0.00678745
     2.06536  0.00667297
     2.06651  0.00666087
     2.06577  0.00659273
     2.06498  0.00653326
     2.06638  0.00658012
     2.06601  0.00648727
      2.0667  0.00642429
     2.06564  0.00641406
      2.0661  0.00633413
     2.06571  0.00625256
     2.06552  0.00616408
     2.06618   0.0061106
     2.06734   0.0061339
     2.06647  0.00610986
     2.06557  0.00609284
     2.06624  0.00604748
      2.0666  0.00597729
     2.06792  0.00604457
      2.0672  0.00600881
     2.06797  0.00598069
     2.06707  0.00597253
     2.06744  0.00590866
     2.06781   0.0058472
     2.06814  0.00578469
     2.06847  0.00572438
     2.06794  0.00568043
     2.06784  0.00561409
     2.06801  0.00555101
     2.06814  0.00548834
     2.06809  0.00542588
     2.06774  0.00537566
     2.06896  0.00545274
     2.06852  0.00541038
       2.068  0.00537651
     2.06831  0.00532766
     2.06948  0.00539879
     2.06975  0.00534845
     2.06939  0.00530447
     2.06949  0.00525028
     2.06993  0.00521538
     2.06929  0.00520173
     2.06927  0.00514949
