     1.62441           0
     1.62005  0.00436415
     1.61545  0.00524228
     1.61498  0.00373645
     1.61685  0.00344586
     1.61695  0.00281549
      1.6158  0.00264568
     1.61523  0.00236104
      1.6158   0.0021607
     1.61551  0.00195481
     1.61479  0.00190938
     1.61481  0.00174318
     1.61568  0.00182473
     1.61674  0.00199398
     1.61733  0.00194659
     1.61839  0.00210943
     1.61874  0.00201091
     1.61901  0.00191497
      1.6189  0.00181442
     1.61914  0.00173794
     1.61918  0.00165364
     1.61929  0.00158012
     1.61864  0.00164229
     1.61863  0.00157243
     1.61836  0.00153193
     1.61853  0.00148181
     1.61855  0.00142599
     1.61833  0.00139226
     1.61847  0.00135076
     1.61846  0.00130496
     1.61851  0.00126285
     1.61863  0.00122853
     1.61883  0.00120867
     1.61905  0.00119244
     1.61852  0.00127366
     1.61886  0.00128507
     1.61916    0.001284
     1.61917  0.00124984
     1.61889   0.0012496
     1.61881  0.00122091
     1.61889  0.00119381
       1.619  0.00116967
     1.61879  0.00116138
      1.6189     0.00114
     1.61894   0.0011153
     1.61869  0.00111819
     1.61884  0.00110388
     1.61906  0.00110304
     1.61892  0.00108919
     1.61881  0.00107301
     1.61874  0.00105392
     1.61886  0.00104006
     1.61875  0.00102577
     1.61846  0.00104933
     1.61828  0.00104477
     1.61822  0.00102798
     1.61824     0.00101
     1.61819 0.000993664
     1.61814 0.000977848
     1.61803 0.000967968
     1.61806 0.000952497
     1.61822 0.000950692
     1.61795  0.00097334
     1.61788 0.000961049
      1.6177  0.00096244
      1.6178 0.000952957
     1.61786 0.000940539
     1.61792 0.000928751
     1.61799 0.000917281
     1.61793 0.000905748
     1.61778 0.000904969
     1.61799 0.000915047
     1.61822 0.000933355
     1.61814 0.000924216
      1.6181 0.000912928
     1.61798 0.000907963
     1.61826 0.000936732
     1.61813 0.000933163
     1.61823 0.000926423
     1.61818 0.000915965
     1.61813 0.000906287
     1.61811 0.000895435
     1.61804  0.00088672
     1.61817 0.000884839
     1.61818 0.000874529
      1.6182 0.000864433
     1.61818 0.000854602
     1.61816 0.000845096
     1.61811 0.000837049
     1.61794 0.000845937
     1.61802 0.000840939
     1.61825 0.000863349
     1.61818 0.000857288
     1.61814 0.000848852
     1.61812 0.000840253
     1.61817 0.000833046
     1.61809 0.000828667
     1.61792 0.000835979
     1.61806 0.000839296
     1.61811  0.00083229
