    -5.04655           0
     -5.0415  0.00504916
    -5.03698  0.00537681
    -5.03645  0.00383985
    -5.03859  0.00366698
    -5.03881  0.00300217
    -5.03755  0.00283226
    -5.03693   0.0025319
    -5.03758   0.0023267
    -5.03723  0.00210985
    -5.03647  0.00205343
    -5.03648  0.00187452
     -5.0374  0.00195341
    -5.03852  0.00212588
    -5.03918  0.00208872
    -5.04031  0.00225727
    -5.04063  0.00214425
    -5.04091  0.00204021
    -5.04076  0.00193539
    -5.04103  0.00185505
    -5.04111   0.0017664
    -5.04122  0.00168821
    -5.04058  0.00173858
    -5.04053  0.00166513
    -5.04025  0.00162246
    -5.04044  0.00157119
    -5.04042  0.00151201
     -5.0402  0.00147401
    -5.04035  0.00143024
    -5.04036  0.00138176
    -5.04041  0.00133754
     -5.0405  0.00129821
     -5.0407  0.00127381
    -5.04093  0.00125653
    -5.04039  0.00133392
    -5.04078  0.00135345
    -5.04107  0.00134979
     -5.0411  0.00131397
    -5.04082  0.00130938
    -5.04075  0.00127831
    -5.04081  0.00124837
     -5.0409  0.00122144
     -5.0407  0.00120919
    -5.04084  0.00118944
     -5.0409  0.00116443
    -5.04065  0.00116571
    -5.04079   0.0011486
    -5.04103  0.00115021
    -5.04089  0.00113487
    -5.04079  0.00111627
    -5.04074  0.00109557
    -5.04086  0.00108095
    -5.04075  0.00106545
    -5.04044  0.00109065
    -5.04025  0.00108755
    -5.04017  0.00107083
    -5.04019  0.00105195
    -5.04012   0.0010355
    -5.04008  0.00101881
    -5.03996  0.00100866
    -5.03997 0.000992073
    -5.04015 0.000992678
    -5.03989  0.00101213
    -5.03981 0.000999681
    -5.03964 0.000998052
    -5.03974 0.000988055
    -5.03979 0.000974576
    -5.03986 0.000962648
    -5.03991 0.000949656
    -5.03984 0.000938339
    -5.03969 0.000936985
    -5.03991 0.000948088
    -5.04016 0.000967855
    -5.04008 0.000957792
    -5.04003 0.000946334
    -5.03991 0.000941251
    -5.04018 0.000969092
    -5.04006 0.000965253
    -5.04015 0.000957589
    -5.04009 0.000947219
    -5.04002 0.000938094
    -5.04001 0.000926717
    -5.03995 0.000917442
    -5.04008 0.000915611
     -5.0401 0.000905097
    -5.04011 0.000894552
    -5.04009 0.000884435
    -5.04008 0.000874436
    -5.04002 0.000866113
    -5.03984 0.000875626
    -5.03994 0.000872017
    -5.04018 0.000893396
     -5.0401 0.000887051
    -5.04007 0.000878253
    -5.04004  0.00086934
     -5.0401 0.000862045
    -5.04001 0.000857188
    -5.03985 0.000862776
       -5.04 0.000865684
    -5.04005 0.000858541
