     1.08294           0
     1.08003  0.00290943
     1.07697  0.00349485
     1.07665  0.00249097
      1.0779  0.00229724
     1.07797  0.00187699
      1.0772  0.00176378
     1.07682  0.00157402
      1.0772  0.00144046
     1.07701  0.00130321
     1.07653  0.00127292
     1.07654  0.00116212
     1.07712  0.00121648
     1.07783  0.00132932
     1.07822  0.00129773
     1.07893  0.00140628
     1.07916  0.00134061
     1.07934  0.00127665
     1.07927  0.00120961
     1.07943  0.00115863
     1.07946  0.00110243
     1.07953  0.00105341
     1.07909  0.00109486
     1.07909  0.00104828
     1.07891  0.00102129
     1.07902  0.00098787
     1.07903 0.000950657
     1.07888 0.000928171
     1.07898 0.000900507
     1.07898 0.000869973
       1.079 0.000841899
     1.07908 0.000819017
     1.07922 0.000805779
     1.07937 0.000794962
     1.07901 0.000849109
     1.07924 0.000856716
     1.07944 0.000855998
     1.07945 0.000833226
     1.07926 0.000833067
      1.0792 0.000813938
     1.07926 0.000795873
     1.07933 0.000779782
     1.07919 0.000774251
     1.07926 0.000760002
     1.07929 0.000743535
     1.07913 0.000745458
     1.07923 0.000735919
     1.07937 0.000735359
     1.07928 0.000726129
     1.07921 0.000715339
     1.07916 0.000702614
     1.07924 0.000693373
     1.07917 0.000683849
     1.07897 0.000699555
     1.07886 0.000696514
     1.07881 0.000685321
     1.07883 0.000673335
     1.07879 0.000662442
     1.07876 0.000651899
     1.07869 0.000645312
     1.07871 0.000634998
     1.07882 0.000633794
     1.07864 0.000648893
     1.07859 0.000640699
     1.07847 0.000641627
     1.07853 0.000635304
     1.07857 0.000627026
     1.07862 0.000619167
     1.07866 0.000611521
     1.07862 0.000603832
     1.07852 0.000603312
     1.07866 0.000610031
     1.07882 0.000622236
     1.07876 0.000616144
     1.07873 0.000608619
     1.07866 0.000605308
     1.07884 0.000624488
     1.07875 0.000622109
     1.07882 0.000617615
     1.07879 0.000610643
     1.07875 0.000604192
     1.07874 0.000596957
      1.0787 0.000591147
     1.07878 0.000589893
     1.07879 0.000583019
      1.0788 0.000576289
     1.07879 0.000569735
     1.07877 0.000563397
     1.07874 0.000558033
     1.07862 0.000563958
     1.07868 0.000560626
     1.07884 0.000575566
     1.07879 0.000571525
     1.07876 0.000565901
     1.07875 0.000560169
     1.07878 0.000555364
     1.07872 0.000552445
     1.07862 0.000557319
     1.07871  0.00055953
     1.07874  0.00055486
