    -3.42214           0
    -3.42146 0.000685004
    -3.42154 0.000403315
    -3.42147 0.000293311
    -3.42174 0.000356452
    -3.42186 0.000313128
    -3.42176 0.000283618
     -3.4217 0.000252374
    -3.42178 0.000235491
    -3.42172 0.000217304
    -3.42168 0.000200074
    -3.42167 0.000183535
    -3.42171 0.000175258
    -3.42177 0.000172378
    -3.42185 0.000180129
    -3.42192 0.000180768
     -3.4219 0.000171426
     -3.4219 0.000161707
    -3.42186 0.000158476
    -3.42188 0.000152384
    -3.42192 0.000150335
    -3.42194  0.00014386
    -3.42193 0.000137482
     -3.4219 0.000135146
    -3.42189 0.000130742
    -3.42191 0.000128111
    -3.42187 0.000129235
    -3.42187 0.000124537
    -3.42188 0.000120566
    -3.42189  0.00011674
     -3.4219  0.00011362
    -3.42187 0.000113714
    -3.42187 0.000110589
    -3.42188 0.000107823
    -3.42187 0.000105044
    -3.42191 0.000111007
    -3.42192 0.000108057
    -3.42192  0.00010539
    -3.42193 0.000102792
    -3.42194 0.000100899
    -3.42192 0.000100755
     -3.4219 9.96439e-05
    -3.42191 9.79677e-05
    -3.42194 9.97353e-05
    -3.42196 9.91421e-05
    -3.42196 9.70049e-05
    -3.42195 9.55953e-05
    -3.42197 9.59206e-05
    -3.42197 9.39521e-05
    -3.42198  9.3024e-05
    -3.42199 9.19596e-05
      -3.422 9.02151e-05
      -3.422 8.85267e-05
    -3.42198 8.79998e-05
    -3.42197 8.79401e-05
    -3.42195 8.74445e-05
    -3.42195 8.63083e-05
    -3.42193 8.57212e-05
    -3.42194 8.42941e-05
    -3.42193 8.30929e-05
    -3.42191 8.39043e-05
    -3.42193 8.51211e-05
    -3.42194 8.38424e-05
    -3.42193 8.28313e-05
    -3.42194 8.22227e-05
    -3.42194 8.09949e-05
    -3.42193 8.01874e-05
    -3.42194  7.9255e-05
    -3.42192 7.99205e-05
    -3.42191 7.95941e-05
    -3.42191 7.84882e-05
    -3.42192 7.80553e-05
    -3.42193 7.78649e-05
    -3.42193 7.69087e-05
    -3.42193 7.61354e-05
    -3.42192 7.52714e-05
    -3.42193  7.4353e-05
    -3.42192 7.34657e-05
    -3.42192 7.26119e-05
    -3.42191  7.2329e-05
     -3.4219 7.29579e-05
     -3.4219 7.23255e-05
     -3.4219 7.14674e-05
    -3.42191 7.07967e-05
    -3.42192 7.03385e-05
    -3.42191 6.98229e-05
    -3.42191 6.90917e-05
    -3.42191 6.86766e-05
    -3.42191 6.79242e-05
     -3.4219 6.75933e-05
    -3.42192 6.90366e-05
    -3.42192 6.82991e-05
    -3.42192 6.75839e-05
    -3.42192 6.68627e-05
    -3.42192  6.6156e-05
    -3.42193  6.5606e-05
    -3.42193 6.49271e-05
    -3.42193  6.4452e-05
    -3.42193 6.38127e-05
    -3.42193 6.32391e-05
