   0.0489329           0
     0.04931 0.000377051
   0.0494184   0.0002432
   0.0495166 0.000198002
   0.0494308 0.000175702
   0.0493902 0.000149107
   0.0494741 0.000151418
   0.0494781 0.000131192
   0.0495058 0.000118967
   0.0495091 0.000106458
   0.0495507 0.000104896
   0.0495381 9.65793e-05
   0.0495257 8.96975e-05
    0.049552 8.70876e-05
   0.0495732 8.38109e-05
   0.0495539 8.07339e-05
   0.0495914 8.45781e-05
   0.0495906 7.97447e-05
   0.0495993 7.59279e-05
   0.0495869 7.30883e-05
   0.0495756 7.04361e-05
   0.0495665 6.77644e-05
   0.0495555 6.56796e-05
   0.0495588 6.29687e-05
   0.0495635 6.05768e-05
   0.0495722 5.88554e-05
   0.0495531 5.97687e-05
   0.0495397 5.91247e-05
   0.0495422 5.71011e-05
   0.0495393 5.52386e-05
   0.0495466  5.3923e-05
   0.0495517  5.2453e-05
   0.0495494 5.08895e-05
    0.049553 4.95062e-05
   0.0495405  4.9686e-05
   0.0495645 5.39116e-05
    0.049562  5.2492e-05
   0.0495629 5.10992e-05
   0.0495719 5.05875e-05
    0.049576 4.94773e-05
   0.0495708 4.85422e-05
   0.0495645 4.77843e-05
   0.0495585 4.70391e-05
   0.0495506 4.66373e-05
   0.0495573 4.60736e-05
   0.0495591 4.50984e-05
   0.0495513 4.48063e-05
   0.0495537 4.39248e-05
   0.0495505 4.31325e-05
   0.0495443 4.27236e-05
   0.0495406 4.20395e-05
   0.0495541 4.33834e-05
   0.0495592 4.28602e-05
   0.0495582 4.20713e-05
   0.0495651 4.18691e-05
   0.0495723 4.17459e-05
   0.0495696 4.10953e-05
    0.049554  4.3293e-05
   0.0495584 4.27776e-05
   0.0495676 4.30671e-05
   0.0495744 4.28928e-05
   0.0495744 4.21953e-05
    0.049576 4.15528e-05
   0.0495771 4.09117e-05
   0.0495785 4.03024e-05
   0.0495736 3.99903e-05
   0.0495753 3.94271e-05
   0.0495815 3.93324e-05
   0.0495828 3.87803e-05
   0.0495793  3.8384e-05
   0.0495801 3.78473e-05
   0.0495778  3.7388e-05
   0.0495718 3.73616e-05
   0.0495768 3.72034e-05
    0.049575 3.67517e-05
   0.0495776 3.63619e-05
   0.0495803 3.59834e-05
   0.0495778 3.56076e-05
   0.0495722 3.55882e-05
   0.0495689 3.52946e-05
   0.0495652  3.5052e-05
   0.0495668 3.46568e-05
   0.0495785 3.62054e-05
   0.0495874 3.68416e-05
   0.0495873 3.64057e-05
   0.0495837 3.61585e-05
   0.0495822 3.57729e-05
   0.0495805  3.5402e-05
   0.0495757 3.53378e-05
    0.049576 3.49441e-05
   0.0495871 3.63196e-05
   0.0495871 3.59226e-05
   0.0495876 3.55373e-05
   0.0495888 3.51799e-05
   0.0495917 3.49247e-05
   0.0495892  3.4651e-05
   0.0495939  3.4619e-05
   0.0496013 3.50549e-05
   0.0496038 3.47861e-05
    0.049601 3.45493e-05
