   -0.424619           0
   -0.409982   0.0146374
   -0.405964  0.00935756
   -0.404055   0.0068866
   -0.405213  0.00545859
    -0.40717  0.00486753
   -0.405427  0.00446758
   -0.406468  0.00400664
   -0.405784  0.00359919
   -0.406051  0.00323026
   -0.405617  0.00295385
   -0.405774  0.00270104
   -0.406181  0.00251776
   -0.405689  0.00238236
   -0.405394  0.00223744
     -0.4062  0.00224279
   -0.406019   0.0021145
   -0.406596   0.0020754
   -0.406548  0.00196371
   -0.407468  0.00207747
   -0.408461  0.00221148
   -0.408288   0.0021156
   -0.407965  0.00204725
   -0.407876  0.00196211
   -0.407937  0.00188298
   -0.407172  0.00196398
   -0.407873  0.00201543
   -0.407663  0.00195337
   -0.407118  0.00196207
   -0.406827  0.00191783
   -0.406589   0.0018701
   -0.406823  0.00182584
    -0.40755  0.00191302
   -0.407536  0.00185595
   -0.407758   0.0018158
   -0.406871  0.00197499
   -0.406606  0.00193913
   -0.406784  0.00189582
   -0.406859  0.00184807
   -0.406617  0.00181741
   -0.406308  0.00179918
   -0.406639  0.00178664
   -0.406961  0.00177403
    -0.40699  0.00173349
   -0.406864  0.00169925
   -0.406793   0.0016634
   -0.406821  0.00162786
   -0.406479  0.00162986
   -0.406692  0.00161042
   -0.406789  0.00158089
   -0.406614  0.00155945
   -0.406473  0.00153569
   -0.406226  0.00152656
   -0.406043  0.00150916
   -0.405837  0.00149567
    -0.40539  0.00153516
   -0.405348  0.00150858
     -0.4057  0.00152344
   -0.405868  0.00150684
   -0.405603  0.00150507
   -0.405367  0.00149885
   -0.405265  0.00147802
   -0.404982  0.00148159
   -0.405206  0.00147531
   -0.405106  0.00145584
   -0.405116  0.00143365
    -0.40512  0.00141209
   -0.404941  0.00140264
   -0.404971  0.00138248
   -0.405206  0.00138276
   -0.405251  0.00136388
   -0.405261  0.00134484
   -0.405466   0.0013421
   -0.405373  0.00132711
   -0.405347  0.00130955
     -0.4054  0.00129328
    -0.40524   0.0012863
   -0.405147  0.00127312
   -0.405085  0.00125843
   -0.405095  0.00124263
   -0.404982  0.00123238
    -0.40498  0.00121726
    -0.40473  0.00122837
   -0.404532  0.00122969
   -0.404504  0.00121545
   -0.404667  0.00121214
   -0.404615  0.00119925
   -0.404633  0.00118568
   -0.404607  0.00117258
   -0.404617  0.00115952
   -0.404455  0.00115804
   -0.404475  0.00114556
   -0.404684  0.00115241
   -0.404772  0.00114342
   -0.404747  0.00113159
   -0.404915  0.00113232
   -0.404841  0.00112302
   -0.404617  0.00113395
   -0.404559  0.00112393
   -0.404483  0.00111523
