     1.40707           0
     1.40709 2.61157e-05
      1.4071 1.58453e-05
     1.40708 1.84512e-05
     1.40708 1.55972e-05
     1.40707 1.29946e-05
     1.40708 1.20836e-05
     1.40708 1.11582e-05
     1.40708 1.00306e-05
     1.40709   9.096e-06
     1.40708 8.55415e-06
     1.40708 7.80901e-06
     1.40708 7.20392e-06
     1.40708 6.68213e-06
     1.40708  6.2506e-06
     1.40708 5.85064e-06
     1.40709 5.62304e-06
     1.40708 6.14157e-06
     1.40708 5.80983e-06
     1.40708 5.51996e-06
     1.40708 5.43306e-06
     1.40708 5.31723e-06
     1.40708 5.13698e-06
     1.40708 5.03174e-06
     1.40708 4.87412e-06
     1.40708 4.70848e-06
     1.40708 5.16678e-06
     1.40708 5.06373e-06
     1.40708 4.94613e-06
     1.40708 4.78808e-06
     1.40708 4.65828e-06
     1.40708 4.70178e-06
     1.40708   4.604e-06
     1.40708 4.63053e-06
     1.40708 4.50331e-06
     1.40708 4.49578e-06
     1.40708  4.4416e-06
     1.40708 4.41848e-06
     1.40708  4.3939e-06
     1.40708 4.29854e-06
     1.40708 4.22518e-06
     1.40708 4.18191e-06
     1.40708 4.19275e-06
     1.40708 4.09826e-06
     1.40708 4.04254e-06
     1.40708 3.97855e-06
     1.40708 3.91696e-06
     1.40708 3.83598e-06
     1.40708 3.75868e-06
     1.40708 3.68297e-06
     1.40708 3.70529e-06
     1.40708 3.72364e-06
     1.40708  3.6529e-06
     1.40708  3.5963e-06
     1.40708 3.54354e-06
     1.40708 3.56294e-06
     1.40708 3.53681e-06
     1.40708 3.49063e-06
     1.40708 3.46414e-06
     1.40708   3.406e-06
     1.40708  3.3497e-06
     1.40708 3.32184e-06
     1.40708 3.30704e-06
     1.40708 3.25538e-06
     1.40708 3.20829e-06
     1.40708 3.17929e-06
     1.40708 3.13464e-06
     1.40708 3.09231e-06
     1.40708 3.09794e-06
     1.40708 3.07795e-06
     1.40708 3.04627e-06
     1.40708  3.0051e-06
     1.40708 2.96811e-06
     1.40708 2.92786e-06
     1.40708 2.92899e-06
     1.40708 2.90189e-06
     1.40708 2.86406e-06
     1.40708 2.84305e-06
     1.40708 2.81909e-06
     1.40708 2.78508e-06
     1.40708 2.76405e-06
     1.40708 2.73192e-06
     1.40708 2.78374e-06
     1.40708 2.75721e-06
     1.40708 2.72535e-06
     1.40708 2.69722e-06
     1.40708 2.66898e-06
     1.40708 2.65159e-06
     1.40708 2.64398e-06
     1.40708 2.62542e-06
     1.40708 2.60632e-06
     1.40708 2.57805e-06
     1.40708 2.67698e-06
     1.40708 2.64925e-06
     1.40708 2.62775e-06
     1.40708 2.68712e-06
     1.40708 2.66235e-06
     1.40708 2.64919e-06
     1.40708 2.62695e-06
     1.40708 2.62611e-06
