     1.22112           0
     1.21138  0.00974088
     1.20871   0.0062279
     1.20743  0.00458668
     1.20819  0.00363485
      1.2095  0.00324119
     1.20834  0.00297409
     1.20903  0.00266817
     1.20858  0.00239669
     1.20876  0.00215112
     1.20847  0.00196733
     1.20857  0.00179895
     1.20884  0.00167698
     1.20852  0.00158681
     1.20832  0.00149036
     1.20886  0.00149403
     1.20874  0.00140852
     1.20912  0.00138198
     1.20909  0.00130761
      1.2097  0.00138359
     1.21036  0.00147272
     1.21025  0.00140894
     1.21003  0.00136338
     1.20997  0.00130665
     1.21001  0.00125397
      1.2095    0.001308
     1.20997  0.00134186
     1.20983  0.00130049
     1.20947  0.00130628
     1.20927  0.00127689
     1.20911   0.0012451
     1.20927  0.00121554
     1.20975  0.00127367
     1.20974  0.00123567
     1.20989  0.00120894
      1.2093  0.00131497
     1.20912  0.00129119
     1.20924  0.00126231
     1.20929  0.00123055
     1.20913  0.00121012
     1.20893  0.00119809
     1.20915   0.0011897
     1.20936  0.00118123
     1.20938  0.00115424
      1.2093  0.00113142
     1.20925  0.00110755
     1.20927  0.00108388
     1.20904  0.00108525
     1.20918  0.00107232
     1.20925  0.00105266
     1.20913  0.00103834
     1.20904  0.00102248
     1.20887  0.00101643
     1.20875  0.00100484
     1.20861 0.000995906
     1.20831  0.00102216
     1.20829  0.00100445
     1.20852  0.00101437
     1.20863  0.00100329
     1.20846  0.00100216
      1.2083 0.000998042
     1.20823 0.000984198
     1.20804 0.000986552
     1.20819 0.000982392
     1.20813  0.00096943
     1.20813 0.000954652
     1.20814   0.0009403
     1.20802 0.000934034
     1.20804 0.000920603
     1.20819 0.000920774
     1.20822 0.000908199
     1.20823  0.00089552
     1.20836 0.000893708
      1.2083 0.000883729
     1.20829 0.000872027
     1.20832 0.000861199
     1.20821 0.000856574
     1.20815 0.000847785
     1.20811  0.00083801
     1.20812 0.000827495
     1.20804 0.000820659
     1.20804 0.000810589
     1.20788 0.000817931
     1.20774 0.000818857
     1.20772 0.000809374
     1.20783 0.000807176
      1.2078 0.000798595
     1.20781 0.000789565
     1.20779 0.000780832
      1.2078 0.000772137
     1.20769 0.000771153
     1.20771 0.000762838
     1.20784 0.000767333
      1.2079 0.000761347
     1.20789 0.000753471
       1.208 0.000753912
     1.20795 0.000747733
      1.2078  0.00075501
     1.20776 0.000748347
     1.20771 0.000742571
