     1.83169           0
     1.81707   0.0146113
     1.81306  0.00934185
     1.81114  0.00688002
     1.81229  0.00545228
     1.81424  0.00486178
     1.81251  0.00446113
     1.81355  0.00400226
     1.81287  0.00359503
     1.81314  0.00322668
      1.8127  0.00295099
     1.81286  0.00269843
     1.81327  0.00251547
     1.81277  0.00238021
     1.81248  0.00223554
     1.81328  0.00224105
      1.8131  0.00211278
     1.81368  0.00207297
     1.81363  0.00196142
     1.81455  0.00207538
     1.81554  0.00220908
     1.81537  0.00211341
     1.81504  0.00204507
     1.81496  0.00195998
     1.81502  0.00188095
     1.81425    0.001962
     1.81495  0.00201279
     1.81474  0.00195074
      1.8142  0.00195942
     1.81391  0.00191533
     1.81367  0.00186765
      1.8139  0.00182332
     1.81463   0.0019105
     1.81462   0.0018535
     1.81484  0.00181341
     1.81395  0.00197245
     1.81369  0.00193679
     1.81386  0.00189347
     1.81394  0.00184582
      1.8137  0.00181519
     1.81339  0.00179713
     1.81372  0.00178455
     1.81404  0.00177185
     1.81407  0.00173136
     1.81394  0.00169714
     1.81387  0.00166132
      1.8139  0.00162581
     1.81356  0.00162787
     1.81377  0.00160848
     1.81387  0.00157899
     1.81369   0.0015575
     1.81355  0.00153372
     1.81331  0.00152464
     1.81312  0.00150726
     1.81292  0.00149386
     1.81247  0.00153324
     1.81243  0.00150668
     1.81278  0.00152155
     1.81295  0.00150494
     1.81268  0.00150324
     1.81245  0.00149706
     1.81235   0.0014763
     1.81206  0.00147983
     1.81229  0.00147359
     1.81219  0.00145414
      1.8122  0.00143198
      1.8122  0.00141045
     1.81202  0.00140105
     1.81205   0.0013809
     1.81229  0.00138116
     1.81233   0.0013623
     1.81234  0.00134328
     1.81255  0.00134056
     1.81245  0.00132559
     1.81243  0.00130804
     1.81248   0.0012918
     1.81232  0.00128486
     1.81223  0.00127168
     1.81217  0.00125702
     1.81218  0.00124124
     1.81206  0.00123099
     1.81206  0.00121588
     1.81181   0.0012269
     1.81161  0.00122829
     1.81159  0.00121406
     1.81175  0.00121076
      1.8117  0.00119789
     1.81172  0.00118435
     1.81169  0.00117125
      1.8117  0.00115821
     1.81154  0.00115673
     1.81156  0.00114426
     1.81177    0.001151
     1.81185  0.00114202
     1.81183  0.00113021
       1.812  0.00113087
     1.81192   0.0011216
      1.8117  0.00113252
     1.81164  0.00112252
     1.81156  0.00111386
