    0.806622           0
    0.806483 0.000139585
    0.806007 0.000482557
    0.805768 0.000416566
    0.805516 0.000409187
    0.805246 0.000429925
    0.805048 0.000413821
    0.805042 0.000358427
    0.804918 0.000339449
    0.805102 0.000354793
    0.805194 0.000333979
    0.805221 0.000306065
    0.805164 0.000287264
    0.805172 0.000266082
    0.805171 0.000247712
    0.805214 0.000235681
    0.805078 0.000259573
     0.80506 0.000245439
    0.805081 0.000233164
    0.805166 0.000236978
    0.805133 0.000227866
    0.805102   0.0002195
    0.805155 0.000216487
    0.805089 0.000217728
    0.805102  0.00020924
    0.805103 0.000201038
    0.805045 0.000201949
    0.805021 0.000196139
    0.805044 0.000190654
    0.805071 0.000186089
    0.805078 0.000180142
    0.805105 0.000176497
    0.805089 0.000171813
    0.805064 0.000168617
    0.805075 0.000164136
    0.805079 0.000159565
    0.805047 0.000158452
    0.805079 0.000157497
    0.805044 0.000157359
    0.805044 0.000153375
    0.805033 0.000149984
    0.805045 0.000146887
       0.805 0.000150237
    0.804997 0.000146825
    0.805025 0.000146269
     0.80503 0.000143134
    0.805005 0.000142241
    0.804988 0.000140296
    0.804984 0.000137459
    0.805008 0.000136799
    0.805002 0.000134236
    0.804982 0.000133031
    0.804986 0.000130555
    0.804999  0.00012875
    0.805004 0.000126466
     0.80497 0.000128692
    0.804971 0.000126418
    0.804979 0.000124514
    0.804967 0.000123039
    0.804985 0.000122417
    0.804981 0.000120479
    0.804966 0.000119457
    0.804977 0.000118023
    0.804941 0.000121431
    0.804942 0.000119551
    0.804918 0.000120115
     0.80493 0.000118884
    0.804937  0.00011732
     0.80494 0.000115645
    0.804902 0.000120212
    0.804907 0.000118643
    0.804935 0.000120181
    0.804913 0.000120498
    0.804907 0.000118987
     0.80492 0.000118023
    0.804902 0.000117837
    0.804889 0.000116981
    0.804875 0.000116281
    0.804885 0.000115195
    0.804885 0.000113746
    0.804864 0.000114202
     0.80484 0.000115345
    0.804858 0.000115307
    0.804848 0.000114338
    0.804843 0.000113093
    0.804847 0.000111836
    0.804836 0.000111131
    0.804855 0.000111619
    0.804847 0.000110678
     0.80487 0.000111929
    0.804879 0.000111007
    0.804877 0.000109818
    0.804879  0.00010867
    0.804886 0.000107694
    0.804888 0.000106586
    0.804854 0.000111072
     0.80487  0.00011115
     0.80488 0.000110478
    0.804876  0.00010942
    0.804867 0.000108714
