    -6.65628           0
    -6.65657 0.000289991
    -6.65566 0.000923776
    -6.65522 0.000789716
    -6.65481 0.000733818
    -6.65434 0.000764612
    -6.65399 0.000734454
    -6.65398 0.000636061
    -6.65371 0.000622331
    -6.65402 0.000635205
    -6.65418 0.000595664
    -6.65423 0.000545891
    -6.65413 0.000511399
    -6.65414 0.000473519
    -6.65413 0.000440854
    -6.65422 0.000421144
      -6.654 0.000449888
    -6.65398 0.000424826
    -6.65402 0.000404443
    -6.65418 0.000413656
    -6.65413 0.000396224
    -6.65407 0.000382937
    -6.65415 0.000375365
    -6.65408 0.000366607
    -6.65412 0.000353636
    -6.65413 0.000340077
    -6.65404 0.000340917
      -6.654 0.000330419
    -6.65406 0.000323871
     -6.6541 0.000315886
    -6.65412 0.000305997
    -6.65417 0.000300304
    -6.65414 0.000293003
    -6.65409 0.000288274
     -6.6541 0.000280167
    -6.65411 0.000272469
    -6.65405 0.000270746
     -6.6541 0.000267968
    -6.65405 0.000267051
    -6.65405 0.000260293
    -6.65404 0.000254032
    -6.65406 0.000249247
    -6.65399   0.0002536
    -6.65399 0.000247771
    -6.65403  0.00024542
    -6.65405 0.000240532
    -6.65401 0.000238526
    -6.65399 0.000234077
    -6.65398 0.000229428
    -6.65404 0.000230768
    -6.65403 0.000226326
      -6.654 0.000223515
    -6.65401 0.000219486
    -6.65404 0.000216671
    -6.65405 0.000212934
      -6.654 0.000215111
      -6.654 0.000211386
    -6.65402 0.000208917
    -6.65401 0.000205805
    -6.65404 0.000205027
    -6.65404 0.000201639
    -6.65402 0.000199156
    -6.65405 0.000198028
    -6.65401 0.000199968
    -6.65401 0.000196889
    -6.65397 0.000197797
      -6.654 0.000196843
    -6.65403 0.000195522
    -6.65403 0.000192841
    -6.65398 0.000198099
    -6.65398 0.000195396
    -6.65403 0.000197803
    -6.65399 0.000198962
    -6.65398 0.000196365
      -6.654 0.000194918
    -6.65398 0.000194137
    -6.65396  0.00019218
    -6.65395 0.000190454
    -6.65397 0.000188952
    -6.65396 0.000186654
    -6.65393 0.000186222
    -6.65391 0.000186003
    -6.65393 0.000185992
    -6.65392 0.000184404
    -6.65391 0.000182348
    -6.65392 0.000180325
     -6.6539 0.000179172
    -6.65394 0.000182119
    -6.65393 0.000180388
    -6.65397 0.000182592
    -6.65399 0.000181578
    -6.65399 0.000179604
      -6.654 0.000177696
    -6.65401 0.000176136
    -6.65402 0.000174564
    -6.65396 0.000181024
    -6.65399 0.000181404
    -6.65401 0.000180892
    -6.65401 0.000179057
      -6.654 0.000177612
