     9.64174           0
     9.64112 0.000624704
      9.6412 0.000369697
     9.64341  0.00222457
     9.64638  0.00343894
     9.64792  0.00320263
     9.64923  0.00300642
     9.64844  0.00272181
      9.6497  0.00271307
     9.64861  0.00266266
      9.6484  0.00241728
     9.64764  0.00233452
      9.6485  0.00231274
     9.64828  0.00215254
     9.64844  0.00201031
     9.64813  0.00190499
      9.6487  0.00187649
     9.64895  0.00178701
     9.64917  0.00170523
     9.64862  0.00171185
     9.64872  0.00163151
     9.64886  0.00156169
     9.64875  0.00149607
     9.64901  0.00145569
     9.64885  0.00140509
     9.64872  0.00135606
     9.64839  0.00134563
     9.64876  0.00134613
      9.6487  0.00129996
     9.64863  0.00125782
     9.64863  0.00121657
     9.64852  0.00118345
     9.64868  0.00115849
     9.64869  0.00112392
     9.64865  0.00109215
     9.64828  0.00112201
     9.64832  0.00109201
     9.64806  0.00109525
     9.64827  0.00108726
     9.64801  0.00109087
      9.6481  0.00106783
     9.64811  0.00104217
     9.64834  0.00104318
     9.64837  0.00101945
     9.64832 0.000997561
     9.64826 0.000977812
     9.64841  0.00096876
     9.64843 0.000948771
     9.64856 0.000938022
     9.64818 0.000995493
     9.64822 0.000976432
     9.64826 0.000958668
     9.64813 0.000949636
     9.64799 0.000943225
      9.6478 0.000943595
     9.64807 0.000963294
     9.64808 0.000946365
     9.64814 0.000931959
     9.64807 0.000919259
     9.64798 0.000907775
     9.64786  0.00090085
     9.64789 0.000886695
      9.6478 0.000877686
     9.64795 0.000876566
     9.64784 0.000869724
     9.64795 0.000864221
     9.64777 0.000870962
     9.64766 0.000865549
     9.64763 0.000853274
     9.64782  0.00086143
     9.64774 0.000852555
     9.64764 0.000846985
     9.64782 0.000854505
     9.64803 0.000868807
      9.6481 0.000859925
     9.64808 0.000848698
     9.64798 0.000843789
       9.648 0.000833135
     9.64791 0.000827551
      9.6479 0.000817171
      9.6479 0.000807026
     9.64792 0.000797291
     9.64773 0.000809504
     9.64777 0.000800678
     9.64778 0.000791224
     9.64776 0.000782169
     9.64786 0.000779422
     9.64781  0.00077188
     9.64794 0.000774143
      9.6477 0.000801861
     9.64765  0.00079471
     9.64763 0.000786226
     9.64758 0.000779836
     9.64746 0.000780525
     9.64742 0.000773281
     9.64766  0.00080327
     9.64741 0.000832774
     9.64726 0.000838489
      9.6473 0.000830947
     9.64725 0.000824315
