     1.20993           0
     1.20972 0.000209378
     1.20901 0.000723835
     1.20865 0.000624849
     1.20827  0.00061378
     1.20787 0.000644888
     1.20757 0.000620731
     1.20756 0.000537641
     1.20738 0.000509173
     1.20765 0.000532189
     1.20779 0.000500969
     1.20783 0.000459098
     1.20775 0.000430896
     1.20776 0.000399123
     1.20776 0.000371568
     1.20782 0.000353522
     1.20762 0.000389359
     1.20759 0.000368158
     1.20762 0.000349747
     1.20775 0.000355467
      1.2077   0.0003418
     1.20765  0.00032925
     1.20773 0.000324731
     1.20763 0.000326592
     1.20765 0.000313859
     1.20766 0.000301557
     1.20757 0.000302923
     1.20753 0.000294209
     1.20757 0.000285981
     1.20761 0.000279133
     1.20762 0.000270213
     1.20766 0.000264745
     1.20763  0.00025772
      1.2076 0.000252926
     1.20761 0.000246204
     1.20762 0.000239347
     1.20757 0.000237678
     1.20762 0.000236245
     1.20757 0.000236038
     1.20757 0.000230063
     1.20755 0.000224976
     1.20757  0.00022033
      1.2075 0.000225355
      1.2075 0.000220237
     1.20754 0.000219403
     1.20754 0.000214701
     1.20751 0.000213361
     1.20748 0.000210445
     1.20748 0.000206189
     1.20751 0.000205198
      1.2075 0.000201355
     1.20747 0.000199546
     1.20748 0.000195832
      1.2075 0.000193126
     1.20751 0.000189699
     1.20745 0.000193038
     1.20746 0.000189627
     1.20747  0.00018677
     1.20745 0.000184558
     1.20748 0.000183626
     1.20747 0.000180718
     1.20745 0.000179186
     1.20746 0.000177034
     1.20741 0.000182146
     1.20741 0.000179327
     1.20738 0.000180172
     1.20739 0.000178326
     1.20741 0.000175979
     1.20741 0.000173467
     1.20735 0.000180318
     1.20736 0.000177965
      1.2074 0.000180271
     1.20737 0.000180747
     1.20736  0.00017848
     1.20738 0.000177035
     1.20735 0.000176755
     1.20733 0.000175471
     1.20731 0.000174422
     1.20733 0.000172792
     1.20733 0.000170618
      1.2073 0.000171304
     1.20726 0.000173018
     1.20729  0.00017296
     1.20727 0.000171506
     1.20726 0.000169639
     1.20727 0.000167754
     1.20725 0.000166697
     1.20728 0.000167428
     1.20727 0.000166017
     1.20731 0.000167894
     1.20732 0.000166511
     1.20731 0.000164726
     1.20732 0.000163004
     1.20733 0.000161541
     1.20733 0.000159878
     1.20728 0.000166607
     1.20731 0.000166725
     1.20732 0.000165718
     1.20731 0.000164131
      1.2073 0.000163071
