    -5.44635           0
    -5.44684 0.000499369
    -5.44665 0.000347956
    -5.44656 0.000260438
    -5.44654 0.000203653
    -5.44647 0.000180086
    -5.44642  0.00016083
    -5.44642 0.000139428
    -5.44634 0.000148877
    -5.44637 0.000136645
    -5.44639 0.000124966
    -5.44639 0.000114343
    -5.44638 0.000105779
    -5.44638 9.80638e-05
    -5.44637 9.13602e-05
     -5.4464   8.797e-05
    -5.44638 8.33575e-05
    -5.44639 7.87028e-05
     -5.4464 7.56371e-05
    -5.44643  7.6681e-05
    -5.44643 7.30157e-05
    -5.44642 7.13676e-05
    -5.44642 6.82728e-05
    -5.44645 7.09484e-05
    -5.44647 7.04181e-05
    -5.44648 6.87268e-05
    -5.44647 6.66942e-05
    -5.44647 6.42822e-05
    -5.44649   6.594e-05
     -5.4465 6.38079e-05
     -5.4465 6.19792e-05
    -5.44651 6.06125e-05
     -5.4465 5.95338e-05
    -5.44649 5.85764e-05
    -5.44649 5.71426e-05
    -5.44649 5.56884e-05
    -5.44648 5.46798e-05
    -5.44648 5.32261e-05
    -5.44648 5.19909e-05
    -5.44648 5.07179e-05
    -5.44649  4.9978e-05
     -5.4465 4.93169e-05
    -5.44649 4.83393e-05
     -5.4465 4.76317e-05
     -5.4465 4.66388e-05
     -5.4465 4.63816e-05
     -5.4465 4.54084e-05
    -5.44651 4.54217e-05
    -5.44651  4.4596e-05
    -5.44652  4.6607e-05
    -5.44653 4.57187e-05
    -5.44653  4.4891e-05
    -5.44653 4.42333e-05
    -5.44654 4.36304e-05
    -5.44654 4.29652e-05
    -5.44654 4.21912e-05
    -5.44655 4.16696e-05
    -5.44656 4.20549e-05
    -5.44656 4.16676e-05
    -5.44657 4.12595e-05
    -5.44657 4.10264e-05
    -5.44658 4.06234e-05
    -5.44659 4.19056e-05
     -5.4466 4.20849e-05
     -5.4466 4.14616e-05
    -5.44659 4.09697e-05
    -5.44661 4.17231e-05
    -5.44662 4.36674e-05
    -5.44662 4.31913e-05
    -5.44663 4.25948e-05
    -5.44662 4.20419e-05
    -5.44663 4.16012e-05
    -5.44662 4.15466e-05
    -5.44662 4.10164e-05
    -5.44663 4.05897e-05
    -5.44663 4.00559e-05
    -5.44663 3.97365e-05
    -5.44663 3.93902e-05
    -5.44664 3.91328e-05
    -5.44663 3.90036e-05
    -5.44664 3.87729e-05
    -5.44665 3.92274e-05
    -5.44665 3.88211e-05
    -5.44665 3.83645e-05
    -5.44665 3.79156e-05
    -5.44665 3.74756e-05
    -5.44665 3.70595e-05
    -5.44666 3.87953e-05
    -5.44666 3.83981e-05
    -5.44667 3.81616e-05
    -5.44667 3.83004e-05
    -5.44668 3.82583e-05
    -5.44668 3.78559e-05
    -5.44668 3.74789e-05
    -5.44668 3.75981e-05
    -5.44668 3.72531e-05
    -5.44669 3.70613e-05
    -5.44669 3.73057e-05
     -5.4467 3.72331e-05
     -5.4467 3.69534e-05
