    -6.58302           0
    -6.02776           0
    -5.72022           0
    -5.48489           0
    -5.35362           0
    -5.44635           0
    -5.49159           0
    -5.43277           0
    -5.45556           0
    -5.46864           0
     -4.7025           0
    -3.88537           0
     -3.6726           0
    -3.45006           0
    -3.35205           0
    -3.42214           0
    -3.49224           0
    -3.35357           0
    -3.39356           0
    -3.46807           0
     1.76726           0
     1.44166           0
     1.40454           0
     1.38625           0
     1.41157           0
     1.40712           0
     1.45698           0
     1.39574           0
     1.40524           0
     1.45258           0
