    0.613019           0
    0.900874           0
     1.06178           0
     1.18729           0
     1.25735           0
     1.20993           0
     1.18434           0
      1.2148           0
     1.20365           0
     1.19559           0
    0.858928           0
     1.32937           0
     1.46458           0
     1.60209           0
      1.6596           0
     1.62441           0
     1.57789           0
     1.66195           0
     1.64272           0
      1.5902           0
     2.07331           0
     1.81088           0
     1.84453           0
     1.81871           0
     1.82249           0
     1.80924           0
     1.82185           0
     1.82053           0
     1.79823           0
     1.85748           0
