    -7.19604           0
    -6.92864           0
      -6.782           0
    -6.67218           0
    -6.61097           0
    -6.65628           0
    -6.67593           0
    -6.64757           0
    -6.65921           0
    -6.66423           0
    -5.56143           0
    -5.21474           0
    -5.13718           0
    -5.05214           0
    -5.01165           0
    -5.04655           0
    -5.07013           0
    -5.01552           0
    -5.03628           0
    -5.05827           0
   -0.306049           0
   -0.369225           0
   -0.439991           0
   -0.432467           0
   -0.410927           0
   -0.402116           0
    -0.36487           0
   -0.424788           0
   -0.392985           0
     -0.4049           0
