    0.408679           0
    0.600582           0
    0.707855           0
    0.791526           0
    0.838233           0
    0.806622           0
    0.789558           0
    0.809867           0
     0.80243           0
    0.797058           0
    0.572619           0
    0.886248           0
     0.97639           0
     1.06806           0
      1.1064           0
     1.08294           0
     1.05192           0
     1.10797           0
     1.09515           0
     1.06013           0
     1.38221           0
     1.20725           0
     1.22969           0
     1.21248           0
       1.215           0
     1.20616           0
     1.21457           0
     1.21369           0
     1.19882           0
     1.23832           0
