     6.63448           0
      8.1237           0
     8.93854           0
     9.55276           0
     9.88955           0
     9.64174           0
     9.52813           0
     9.68732           0
     9.61204           0
     9.59446           0
   -0.453174           0
     1.25703           0
      1.6565           0
      1.9533           0
     2.17802           0
     1.98879           0
     1.95586           0
     2.20972           0
     2.07023           0
     1.97028           0
    0.054636           0
   0.0498047           0
   0.0480512           0
    0.048199           0
   0.0485876           0
   0.0486452           0
    0.051387           0
    0.048541           0
   0.0493072           0
    0.048658           0
