     1.20616           0
     1.19716  0.00899832
     1.20493  0.00934335
     1.20729  0.00701786
     1.20674  0.00546387
      1.2102  0.00564749
     1.21875  0.00978812
     1.22303  0.00949586
     1.22206  0.00842989
     1.22112  0.00759839
     1.22009  0.00695102
     1.21798  0.00668509
     1.21734  0.00618295
     1.21728  0.00572456
     1.21569  0.00556255
     1.21518  0.00522782
     1.21336   0.0052397
     1.21223  0.00506765
      1.2114  0.00486379
     1.21138  0.00461424
      1.2123   0.0044846
     1.21204  0.00428395
     1.21167  0.00411007
     1.21064  0.00406838
     1.20947  0.00407315
      1.2085  0.00403138
     1.20902    0.003913
     1.20961  0.00381718
     1.20925  0.00370125
     1.20871  0.00361605
     1.20794  0.00357966
     1.20757  0.00348569
     1.20747  0.00338004
     1.20743  0.00327935
     1.20715  0.00319709
     1.20641  0.00319394
     1.20655  0.00311001
     1.20648  0.00302806
      1.2073  0.00306095
     1.20743  0.00298625
     1.20795  0.00295854
     1.20744  0.00293041
     1.20747  0.00286153
     1.20767  0.00280308
     1.20847  0.00285435
     1.20897  0.00283559
     1.20939  0.00280705
     1.20922  0.00275337
     1.20878  0.00273125
     1.20819  0.00274071
     1.20801  0.00269237
     1.20807  0.00264066
     1.20785  0.00260001
     1.20785  0.00255142
     1.20802  0.00250997
     1.20873  0.00256491
     1.20944    0.002619
     1.20988  0.00261081
     1.20983  0.00256666
      1.2095  0.00254594
     1.20939  0.00250592
     1.20915  0.00247714
     1.20904  0.00244017
     1.20841  0.00248215
     1.20842  0.00244367
     1.20882  0.00244039
     1.20881   0.0024037
     1.20868   0.0023717
     1.20846  0.00234815
     1.20834   0.0023174
     1.20859  0.00229809
     1.20871   0.0022694
     1.20881  0.00224007
      1.2089  0.00221144
     1.20859  0.00220355
     1.20848  0.00217722
     1.20841   0.0021498
     1.20856   0.0021271
     1.20855  0.00210002
     1.20903   0.0021305
     1.20955  0.00216621
     1.20948  0.00214074
     1.20916  0.00213868
     1.20892  0.00212643
     1.20897  0.00210176
     1.20925  0.00209544
     1.20919   0.0020719
     1.20879  0.00208686
     1.20859  0.00207366
     1.20858   0.0020505
     1.20897  0.00206433
     1.20893  0.00204215
     1.20889   0.0020204
     1.20884  0.00199949
     1.20908  0.00199269
      1.2091  0.00197193
     1.20909  0.00195149
     1.20898  0.00193472
     1.20868  0.00193813
     1.20876  0.00192007
