   0.0486452           0
   0.0494385 0.000793251
   0.0491716 0.000530052
   0.0492912 0.000393409
   0.0493701 0.000314796
    0.049262 0.000278862
   0.0489941 0.000356762
   0.0487763 0.000378064
   0.0488424 0.000339912
   0.0489329 0.000317231
   0.0489876 0.000292098
    0.049132 0.000303245
   0.0492138 0.000290705
    0.049218 0.000269173
   0.0492673  0.00025539
   0.0493393 0.000249507
   0.0493298 0.000234562
   0.0493022 0.000222861
   0.0493068 0.000210855
     0.04931  0.00020006
   0.0492756 0.000193385
   0.0493082 0.000187256
   0.0493971 0.000199763
   0.0493844 0.000191675
   0.0494398 0.000191999
   0.0494502 0.000184758
   0.0493937 0.000186531
   0.0493928 0.000179748
   0.0493924  0.00017344
   0.0494184 0.000169572
   0.0494051 0.000164548
   0.0494455 0.000164358
   0.0494433 0.000159316
    0.049478 0.000158406
   0.0495404 0.000166008
   0.0495327 0.000161513
   0.0495559 0.000158787
   0.0495752 0.000155755
   0.0495273  0.00015909
   0.0495166 0.000155435
   0.0495003 0.000152469
   0.0495253  0.00015089
   0.0495267 0.000147345
   0.0494859 0.000149616
   0.0494832  0.00014628
   0.0494422 0.000148804
   0.0494152 0.000148083
   0.0493985 0.000145923
   0.0494009 0.000142933
   0.0494308 0.000143215
   0.0494258 0.000140471
   0.0494167 0.000138039
   0.0494014 0.000136276
   0.0494303 0.000136813
   0.0494482   0.0001355
   0.0494003 0.000141435
   0.0493786 0.000140622
   0.0493702 0.000138431
   0.0493797 0.000136396
   0.0493902 0.000134517
    0.049435  0.00013966
   0.0494371 0.000137406
   0.0494513 0.000135953
   0.0494643 0.000134442
   0.0494775 0.000133012
   0.0494641 0.000131662
    0.049481 0.000130767
   0.0494509 0.000132286
   0.0494666 0.000131292
   0.0494741 0.000129625
   0.0494908 0.000128865
   0.0494825 0.000127332
   0.0494775 0.000125674
   0.0494754 0.000123983
   0.0494795  0.00012239
   0.0494901 0.000121231
   0.0494901 0.000119647
   0.0494854 0.000118196
   0.0494915  0.00011685
   0.0494781 0.000116152
   0.0494597 0.000116173
   0.0494572 0.000114775
   0.0494607 0.000113436
   0.0494696 0.000112435
    0.049472 0.000111131
   0.0494603 0.000110459
    0.049475 0.000110166
   0.0494968 0.000111081
   0.0495132 0.000111041
   0.0495058 0.000110049
   0.0494949 0.000109381
    0.049494 0.000108189
   0.0494961 0.000107041
   0.0494982 0.000105918
   0.0494832 0.000105874
   0.0494845 0.000104774
   0.0494981  0.00010458
   0.0494983 0.000103507
   0.0495049 0.000102671
   0.0495091 0.000101725
