     1.40712           0
     1.40716 3.88252e-05
     1.40708 8.06049e-05
     1.40708 5.73761e-05
      1.4071 5.18776e-05
      1.4071 4.23654e-05
      1.4071 3.58079e-05
     1.40709 3.40222e-05
     1.40707 3.56326e-05
     1.40707 3.19034e-05
     1.40707 3.00027e-05
     1.40707 2.73893e-05
     1.40708 2.55342e-05
     1.40708 2.36405e-05
     1.40708 2.26422e-05
     1.40708 2.11909e-05
     1.40708 1.99064e-05
     1.40709 1.90271e-05
     1.40709 1.83634e-05
     1.40709 1.74865e-05
     1.40709 1.69091e-05
     1.40709 1.61228e-05
      1.4071 1.73667e-05
     1.40709 1.69765e-05
     1.40709 1.62853e-05
     1.40709 1.56578e-05
      1.4071 1.52143e-05
      1.4071 1.46755e-05
      1.4071 1.41613e-05
      1.4071 1.37668e-05
      1.4071 1.33215e-05
      1.4071 1.29086e-05
      1.4071 1.25198e-05
      1.4071 1.23057e-05
      1.4071 1.19535e-05
     1.40709 1.16932e-05
     1.40709 1.13777e-05
     1.40709 1.11241e-05
     1.40709 1.33856e-05
     1.40708 1.32361e-05
     1.40708 1.29213e-05
     1.40708 1.29062e-05
     1.40708 1.26279e-05
     1.40708 1.23445e-05
     1.40708 1.23281e-05
     1.40707 1.21297e-05
     1.40707 1.18708e-05
     1.40708 1.19258e-05
     1.40708 1.17141e-05
     1.40708 1.15431e-05
     1.40708 1.14145e-05
     1.40708  1.1211e-05
     1.40708 1.11222e-05
     1.40708 1.09631e-05
     1.40708 1.07868e-05
     1.40708 1.05925e-05
     1.40707 1.04877e-05
     1.40707 1.03074e-05
     1.40707 1.01324e-05
     1.40707 9.96281e-06
     1.40708 9.89933e-06
     1.40708 9.89701e-06
     1.40708 9.74842e-06
     1.40708 9.68244e-06
     1.40708  9.6154e-06
     1.40708  9.4688e-06
     1.40708 9.32656e-06
     1.40708 9.22828e-06
     1.40708 9.10964e-06
     1.40708 9.06584e-06
     1.40708 8.95536e-06
     1.40708 8.83333e-06
     1.40708 8.71863e-06
     1.40708 8.66979e-06
     1.40708  8.6603e-06
     1.40708 8.58614e-06
     1.40708 8.71525e-06
     1.40708 8.62588e-06
     1.40708 8.51717e-06
     1.40708 8.52877e-06
     1.40708 8.43801e-06
     1.40708 8.35712e-06
     1.40708 8.25771e-06
     1.40708 8.18692e-06
     1.40708 8.10827e-06
     1.40708 8.01806e-06
     1.40708 7.93521e-06
     1.40708 7.86589e-06
     1.40708 7.84174e-06
     1.40708 7.78419e-06
     1.40708 7.82245e-06
     1.40708 7.73697e-06
     1.40708 7.66095e-06
     1.40709 7.67496e-06
     1.40709 7.64644e-06
     1.40709 7.57177e-06
     1.40709 7.52101e-06
     1.40709 7.44569e-06
     1.40709 7.37048e-06
     1.40709 7.33435e-06
