   -0.402116           0
   -0.388579   0.0135363
   -0.400306   0.0140919
   -0.403862   0.0105802
   -0.403009  0.00823968
   -0.408204  0.00850005
   -0.421023   0.0146944
   -0.427456   0.0142596
   -0.426029   0.0126565
   -0.424619   0.0114078
   -0.423053   0.0104369
   -0.419898   0.0100365
   -0.418928  0.00928298
   -0.418847  0.00859476
   -0.416451  0.00835241
   -0.415691  0.00784979
    -0.41295  0.00786657
   -0.411252  0.00760863
   -0.410013  0.00730297
   -0.409982  0.00692828
   -0.411366  0.00673397
   -0.410972  0.00643266
   -0.410411  0.00617224
   -0.408865  0.00610832
   -0.407114  0.00611493
   -0.405661  0.00605207
   -0.406428  0.00587398
    -0.40732  0.00573014
   -0.406773  0.00555606
   -0.405964  0.00542831
   -0.404819  0.00537358
   -0.404264  0.00523251
   -0.404106  0.00507391
   -0.404051  0.00492273
   -0.403622  0.00479919
   -0.402514  0.00479397
   -0.402738    0.004668
   -0.402623  0.00454497
   -0.403859  0.00459624
   -0.404055  0.00448415
   -0.404835   0.0044425
   -0.404086  0.00439965
    -0.40412  0.00429625
   -0.404425   0.0042085
   -0.405626  0.00428587
   -0.406374   0.0042578
   -0.407012  0.00421488
   -0.406751  0.00413443
   -0.406099  0.00410124
   -0.405213  0.00411498
   -0.404946  0.00404229
   -0.405028  0.00396463
   -0.404691  0.00390372
   -0.404704  0.00383077
   -0.404951  0.00376856
   -0.406016  0.00385078
    -0.40709  0.00393209
    -0.40775  0.00391973
   -0.407675  0.00385344
    -0.40717  0.00382229
   -0.407016  0.00376226
   -0.406649  0.00371919
   -0.406479  0.00366365
   -0.405537  0.00372679
   -0.405543  0.00366902
   -0.406153    0.003664
   -0.406143  0.00360891
   -0.405948  0.00356082
   -0.405607  0.00352537
   -0.405427  0.00347927
   -0.405801  0.00345017
   -0.405988  0.00340708
    -0.40613  0.00336306
   -0.406264  0.00332003
   -0.405799  0.00330832
   -0.405631  0.00326882
   -0.405529   0.0032277
   -0.405749  0.00319365
   -0.405733  0.00315301
   -0.406468  0.00319893
   -0.407242  0.00325249
   -0.407138  0.00321425
    -0.40666  0.00321107
   -0.406304  0.00319256
   -0.406372  0.00315551
   -0.406785  0.00314593
   -0.406706  0.00311058
   -0.406105  0.00313306
   -0.405794  0.00311331
   -0.405784  0.00307853
   -0.406365  0.00309946
   -0.406305  0.00306617
   -0.406251  0.00303351
    -0.40617  0.00300214
   -0.406528  0.00299179
   -0.406558  0.00296061
   -0.406555  0.00292993
   -0.406387  0.00290475
    -0.40594  0.00290982
   -0.406051  0.00288272
