     1.80924           0
     1.79574   0.0134975
     1.80739    0.014015
     1.81094   0.0105268
     1.81011  0.00819581
     1.81531  0.00847124
     1.82812   0.0146822
     1.83454   0.0142438
      1.8331   0.0126448
     1.83169   0.0113976
     1.83013   0.0104265
     1.82697   0.0100276
     1.82601  0.00927442
     1.82593  0.00858684
     1.82353  0.00834382
     1.82278  0.00784173
     1.82003  0.00785954
     1.81834  0.00760147
      1.8171  0.00729568
     1.81707  0.00692135
     1.81846   0.0067269
     1.81806  0.00642593
     1.81751   0.0061651
     1.81596  0.00610257
     1.81421  0.00610973
     1.81276  0.00604707
     1.81353  0.00586949
     1.81442  0.00572577
     1.81387  0.00555187
     1.81306  0.00542408
     1.81192   0.0053695
     1.81136  0.00522853
      1.8112  0.00507006
     1.81115  0.00491902
     1.81072  0.00479564
     1.80961  0.00479091
     1.80983  0.00466502
     1.80972  0.00454209
     1.81094  0.00459143
     1.81114  0.00447937
     1.81192  0.00443782
     1.81117  0.00439562
      1.8112   0.0042923
      1.8115  0.00420463
      1.8127  0.00428153
     1.81345  0.00425339
     1.81409  0.00421057
     1.81383  0.00413005
     1.81318  0.00409687
     1.81229  0.00411107
     1.81202  0.00403856
      1.8121  0.00396099
     1.81177  0.00390001
     1.81178  0.00382713
     1.81203  0.00376495
     1.81309  0.00384736
     1.81416   0.0039285
     1.81482  0.00391621
     1.81475  0.00384999
     1.81424  0.00381891
     1.81409  0.00375888
     1.81373  0.00371571
     1.81356  0.00366025
     1.81262  0.00372323
     1.81262  0.00366551
     1.81323  0.00366058
     1.81322  0.00360554
     1.81303  0.00355756
     1.81268  0.00352222
     1.81251   0.0034761
     1.81288  0.00344713
     1.81307   0.0034041
     1.81321  0.00336011
     1.81334  0.00331717
     1.81288  0.00330533
     1.81271  0.00326583
     1.81261   0.0032247
     1.81283  0.00319064
     1.81282  0.00315004
     1.81355  0.00319575
     1.81432  0.00324932
     1.81422  0.00321111
     1.81374  0.00320802
     1.81339  0.00318965
     1.81345  0.00315264
     1.81387  0.00314315
     1.81379  0.00310785
     1.81319   0.0031303
     1.81288  0.00311049
     1.81287  0.00307574
     1.81345  0.00309649
     1.81339  0.00306323
     1.81333   0.0030306
     1.81326  0.00299923
     1.81361  0.00298903
     1.81364  0.00295789
     1.81364  0.00292724
     1.81347  0.00290207
     1.81303   0.0029072
     1.81314   0.0028801
