     1.20765           0
     1.20775 9.72507e-05
     1.20761 0.000154439
     1.20757 0.000116406
     1.20751 0.000104894
     1.20748 9.20356e-05
     1.20735 0.000147993
     1.20733 0.000130576
     1.20731 0.000117177
      1.2073 0.000104918
     1.20731 9.54417e-05
      1.2073  8.8165e-05
     1.20727 8.48831e-05
     1.20725 8.11953e-05
     1.20724 7.71459e-05
     1.20723  7.2216e-05
     1.20726 7.21496e-05
     1.20721  8.2447e-05
     1.20718 8.46677e-05
     1.20723 9.50045e-05
     1.20719 9.83597e-05
     1.20721 9.49034e-05
     1.20721 9.09898e-05
      1.2072 8.88552e-05
     1.20722 8.78545e-05
     1.20722 8.44136e-05
     1.20721 8.16161e-05
     1.20721 7.86843e-05
     1.20722 7.70609e-05
     1.20723 7.49954e-05
     1.20724 7.41011e-05
     1.20724 7.18163e-05
     1.20726 7.32218e-05
     1.20727 7.21459e-05
     1.20728 7.03958e-05
      1.2073 6.96919e-05
     1.20731 6.88537e-05
     1.20732   6.759e-05
     1.20732 6.58708e-05
      1.2073 6.69736e-05
      1.2073 6.53586e-05
     1.20731 6.39104e-05
      1.2073 6.29795e-05
     1.20729 6.15605e-05
      1.2073 6.03379e-05
     1.20731 5.93471e-05
     1.20731 5.82333e-05
      1.2073 5.80372e-05
     1.20731 5.75441e-05
     1.20731 5.65605e-05
     1.20731 5.54849e-05
     1.20732 5.52951e-05
     1.20732 5.42428e-05
     1.20733 5.34903e-05
     1.20733 5.26596e-05
     1.20733 5.22087e-05
     1.20734 5.15848e-05
     1.20733 5.16883e-05
     1.20733  5.0864e-05
     1.20732 5.00352e-05
     1.20734 5.16709e-05
     1.20735 5.11415e-05
     1.20735 5.06747e-05
     1.20735 4.98823e-05
     1.20735 4.96261e-05
     1.20734 4.93004e-05
     1.20734 4.85662e-05
     1.20734  4.7853e-05
     1.20733 4.77765e-05
     1.20733 4.73725e-05
     1.20732 4.69532e-05
     1.20733 4.65479e-05
     1.20732  4.6024e-05
     1.20732 4.53999e-05
      1.2073 4.98438e-05
      1.2073 4.91837e-05
      1.2073 4.86408e-05
      1.2073 4.82245e-05
     1.20731 4.78483e-05
      1.2073  4.7247e-05
     1.20731 4.69151e-05
     1.20731 4.66097e-05
     1.20731 4.61166e-05
     1.20731 4.56078e-05
      1.2073 4.53776e-05
      1.2073 4.49497e-05
     1.20729 4.52161e-05
     1.20729 4.47506e-05
     1.20729 4.43075e-05
      1.2073 4.38812e-05
     1.20729 4.40237e-05
     1.20729 4.36017e-05
     1.20729 4.31306e-05
     1.20728  4.3711e-05
     1.20727 4.33091e-05
     1.20727 4.29353e-05
     1.20726 4.34982e-05
     1.20727 4.32929e-05
     1.20726 4.32331e-05
     1.20725 4.50405e-05
