     9.64861           0
     9.64862  7.0907e-06
     9.64863 1.76734e-05
     9.64801 0.000622568
     9.64818 0.000511515
     9.64798 0.000461984
     9.64782 0.000424305
      9.6479 0.000376923
      9.6477 0.000386733
     9.64725 0.000572341
     9.64717 0.000523061
     9.64689 0.000552745
     9.64669 0.000546596
     9.64673 0.000507539
     9.64654 0.000509286
     9.64651 0.000477525
     9.64638  0.00046745
     9.64645 0.000446446
     9.64651 0.000426233
     9.64644 0.000410432
     9.64662 0.000431158
     9.64662 0.000411095
     9.64659 0.000393745
     9.64666 0.000383728
     9.64661 0.000372159
     9.64656 0.000361151
     9.64655 0.000347544
     9.64648 0.000341664
     9.64649 0.000329681
     9.64643 0.000322812
     9.64636  0.00032046
     9.64639  0.00031173
     9.64644 0.000306043
      9.6464 0.000300048
     9.64643  0.00029279
      9.6464 0.000285511
     9.64632 0.000289497
     9.64637 0.000285952
     9.64632 0.000283367
     9.64634 0.000277156
     9.64625 0.000286795
     9.64622 0.000281222
     9.64624 0.000275746
     9.64626 0.000269868
     9.64623 0.000265649
     9.64626  0.00026231
     9.64621 0.000261837
     9.64627 0.000262632
     9.64625  0.00025773
     9.64626 0.000252532
     9.64622 0.000249741
     9.64619 0.000246718
     9.64618 0.000242193
     9.64618 0.000237666
     9.64624 0.000239499
     9.64623 0.000235499
     9.64621 0.000231741
      9.6463 0.000244163
     9.64632 0.000241116
     9.64634 0.000237843
     9.64632 0.000234551
     9.64629 0.000233256
     9.64628 0.000229989
     9.64627 0.000226391
     9.64634  0.00023284
     9.64638 0.000232205
     9.64635 0.000230693
     9.64638 0.000229787
     9.64638 0.000226439
     9.64636 0.000223875
     9.64639 0.000222019
     9.64635 0.000221219
     9.64635  0.00021817
     9.64635 0.000215214
     9.64647 0.000241608
     9.64644 0.000239811
     9.64635 0.000252469
     9.64635 0.000249248
     9.64631  0.00024987
     9.64628 0.000248118
     9.64631 0.000247308
     9.64629 0.000245112
     9.64627 0.000243591
     9.64627  0.00024081
     9.64629 0.000238325
     9.64628 0.000235584
     9.64632  0.00023594
     9.64633  0.00023349
     9.64631 0.000232028
     9.64632 0.000229779
     9.64635 0.000228723
     9.64638 0.000228273
     9.64639  0.00022629
     9.64639 0.000223935
     9.64639 0.000221567
     9.64638 0.000219255
     9.64637 0.000217438
     9.64631 0.000223619
     9.64634 0.000223479
     9.64637 0.000223089
