    -5.44637           0
    -5.44643 6.08891e-05
     -5.4465 7.60445e-05
    -5.44648 5.58603e-05
    -5.44652 6.10426e-05
    -5.44657 6.40904e-05
    -5.44663 8.10625e-05
    -5.44663 7.05499e-05
    -5.44667 7.03365e-05
     -5.4467 7.18471e-05
    -5.44674 7.69696e-05
    -5.44679 8.44842e-05
    -5.44683 8.61214e-05
    -5.44686 8.72023e-05
     -5.4469 9.03991e-05
    -5.44694  9.2181e-05
    -5.44697 9.28694e-05
    -5.44699 9.05204e-05
    -5.44701 8.65951e-05
    -5.44702 8.36518e-05
    -5.44703 7.97517e-05
    -5.44703 7.61066e-05
    -5.44703 7.27386e-05
    -5.44703 6.97866e-05
    -5.44704 6.72462e-05
    -5.44705 6.50626e-05
    -5.44705 6.26066e-05
    -5.44705 6.03651e-05
    -5.44705 5.82692e-05
    -5.44704 5.64133e-05
    -5.44704  5.4924e-05
    -5.44703 5.33672e-05
    -5.44702 5.28187e-05
    -5.44701 5.19529e-05
    -5.44701 5.07576e-05
      -5.447 5.03018e-05
      -5.447 4.90633e-05
    -5.44699 4.83264e-05
    -5.44698 4.73764e-05
    -5.44698 4.62358e-05
    -5.44698  4.5196e-05
    -5.44697 4.43069e-05
    -5.44697 4.33211e-05
    -5.44697 4.23255e-05
    -5.44697 4.13861e-05
    -5.44697 4.06374e-05
    -5.44696 3.98261e-05
    -5.44696  3.9283e-05
    -5.44696 3.85832e-05
    -5.44695  3.7935e-05
    -5.44695  3.7323e-05
    -5.44694 3.71147e-05
    -5.44694 3.69698e-05
    -5.44693 3.65069e-05
    -5.44693  3.6297e-05
    -5.44692 3.59621e-05
    -5.44692 3.53682e-05
    -5.44692 3.47532e-05
    -5.44692 3.41718e-05
    -5.44692 3.36151e-05
    -5.44692 3.30699e-05
    -5.44692 3.25551e-05
    -5.44692 3.20595e-05
    -5.44692 3.16019e-05
    -5.44692 3.11236e-05
    -5.44692 3.06646e-05
    -5.44692 3.02734e-05
    -5.44692  2.9825e-05
    -5.44693 2.95799e-05
    -5.44693 2.91779e-05
    -5.44693 2.87702e-05
    -5.44693 2.84213e-05
    -5.44693 2.81336e-05
    -5.44694 2.81739e-05
    -5.44694 2.80361e-05
    -5.44695 2.83436e-05
    -5.44695 2.82319e-05
    -5.44695 2.79147e-05
    -5.44695 2.75836e-05
    -5.44696 2.75384e-05
    -5.44696 2.72166e-05
    -5.44696 2.69195e-05
    -5.44696 2.66422e-05
    -5.44697  2.6493e-05
    -5.44697 2.62028e-05
    -5.44697 2.59505e-05
    -5.44697 2.57023e-05
    -5.44697 2.57662e-05
    -5.44698 2.57897e-05
    -5.44698 2.58064e-05
    -5.44699 2.59001e-05
    -5.44699 2.60039e-05
      -5.447 2.60283e-05
      -5.447 2.64296e-05
    -5.44701 2.64734e-05
    -5.44701 2.65327e-05
    -5.44701 2.63997e-05
    -5.44702 2.63827e-05
    -5.44702 2.63474e-05
    -5.44702 2.62592e-05
