    0.805102           0
    0.805166 6.48338e-05
    0.805071  0.00010296
    0.805044 7.76037e-05
    0.805008 6.99293e-05
    0.804985  6.1357e-05
    0.804902 9.86622e-05
    0.804885 8.70507e-05
     0.80487 7.81181e-05
    0.804867 6.99456e-05
    0.804874 6.36278e-05
    0.804865 5.87767e-05
    0.804848 5.65887e-05
    0.804835 5.41302e-05
    0.804824 5.14306e-05
    0.804823  4.8144e-05
    0.804839 4.80997e-05
    0.804808 5.49647e-05
    0.804786 5.64451e-05
     0.80482 6.33364e-05
    0.804794 6.55731e-05
    0.804804 6.32689e-05
    0.804808 6.06598e-05
    0.804797 5.92368e-05
    0.804811 5.85697e-05
     0.80481 5.62758e-05
    0.804805 5.44107e-05
    0.804803 5.24562e-05
    0.804812  5.1374e-05
    0.804818 4.99969e-05
    0.804828 4.94007e-05
    0.804826 4.78775e-05
    0.804841 4.88145e-05
     0.80485 4.80972e-05
    0.804854 4.69305e-05
    0.804863 4.64613e-05
    0.804871 4.59024e-05
    0.804877   4.506e-05
    0.804879 4.39139e-05
    0.804866 4.46491e-05
    0.804868 4.35724e-05
     0.80487 4.26069e-05
    0.804865 4.19864e-05
    0.804863 4.10404e-05
    0.804866 4.02253e-05
     0.80487 3.95648e-05
    0.804873 3.88222e-05
    0.804866 3.86915e-05
    0.804872 3.83627e-05
    0.804875  3.7707e-05
    0.804877   3.699e-05
    0.804883 3.68634e-05
    0.804883 3.61618e-05
    0.804887 3.56602e-05
    0.804884 3.51064e-05
    0.804889 3.48058e-05
    0.804893 3.43898e-05
    0.804886 3.44589e-05
    0.804884 3.39093e-05
    0.804883 3.33568e-05
    0.804894 3.44472e-05
    0.804897 3.40943e-05
    0.804901 3.37831e-05
    0.804902 3.32548e-05
    0.804897 3.30841e-05
    0.804893  3.2867e-05
    0.804893 3.23775e-05
    0.804893  3.1902e-05
    0.804888  3.1851e-05
    0.804884 3.15816e-05
    0.804881 3.13021e-05
    0.804884 3.10319e-05
    0.804882 3.06827e-05
    0.804882 3.02666e-05
    0.804868 3.32292e-05
    0.804868 3.27891e-05
     0.80487 3.24272e-05
    0.804867 3.21497e-05
     0.80487 3.18989e-05
     0.80487  3.1498e-05
    0.804873 3.12768e-05
    0.804876 3.10731e-05
    0.804875 3.07444e-05
    0.804873 3.04052e-05
     0.80487 3.02517e-05
    0.804868 2.99665e-05
    0.804862 3.01441e-05
    0.804861 2.98337e-05
    0.804862 2.95383e-05
    0.804864 2.92541e-05
    0.804859 2.93491e-05
    0.804858 2.90678e-05
    0.804858 2.87537e-05
    0.804851 2.91407e-05
     0.80485 2.88727e-05
    0.804848 2.86235e-05
    0.804842 2.89988e-05
    0.804845  2.8862e-05
    0.804841 2.88221e-05
    0.804832  3.0027e-05
