    -6.65402           0
    -6.65418  0.00015814
     -6.6541 0.000119076
    -6.65405 0.000100811
    -6.65404 7.87961e-05
    -6.65404  6.4674e-05
    -6.65398 8.53833e-05
    -6.65396 7.60979e-05
    -6.65397 6.80302e-05
      -6.654 6.77791e-05
    -6.65405 7.99885e-05
    -6.65409 8.03019e-05
     -6.6541 7.48442e-05
    -6.65411 7.08751e-05
    -6.65414 7.03302e-05
    -6.65417  7.4028e-05
    -6.65423 9.06455e-05
    -6.65421 8.86652e-05
    -6.65419 8.62275e-05
    -6.65425 0.000105428
    -6.65422  0.00010571
    -6.65424 0.000102336
    -6.65424  9.7965e-05
    -6.65423 9.46912e-05
    -6.65426 9.49744e-05
    -6.65426 9.14936e-05
    -6.65426 8.83901e-05
    -6.65426 8.51755e-05
    -6.65427 8.29957e-05
    -6.65427  8.0361e-05
    -6.65428 7.82294e-05
    -6.65427 7.61253e-05
    -6.65429 7.47569e-05
    -6.65429 7.26374e-05
    -6.65429 7.05438e-05
    -6.65429 6.86425e-05
     -6.6543 6.72876e-05
     -6.6543 6.55072e-05
     -6.6543 6.38843e-05
    -6.65428 6.58416e-05
    -6.65428 6.42203e-05
    -6.65428 6.26728e-05
    -6.65427 6.21256e-05
    -6.65427 6.07211e-05
    -6.65427 5.94544e-05
    -6.65427 5.82097e-05
    -6.65427 5.69969e-05
    -6.65426  5.7962e-05
    -6.65426 5.70889e-05
    -6.65427 5.59516e-05
    -6.65427 5.48526e-05
    -6.65427 5.39144e-05
    -6.65426 5.32377e-05
    -6.65426 5.22565e-05
    -6.65425 5.22147e-05
    -6.65426 5.13306e-05
    -6.65426 5.05666e-05
    -6.65425 5.06905e-05
    -6.65425  4.9939e-05
    -6.65425 4.91025e-05
    -6.65426 5.05462e-05
    -6.65427 5.01942e-05
    -6.65427 4.96127e-05
    -6.65428 4.88945e-05
    -6.65427 4.85463e-05
    -6.65426 4.83912e-05
    -6.65426 4.77511e-05
    -6.65426 4.70519e-05
    -6.65426 4.65672e-05
    -6.65426  4.6071e-05
    -6.65425 4.56178e-05
    -6.65426 4.54577e-05
    -6.65426 4.48392e-05
    -6.65426 4.45455e-05
    -6.65424 4.75689e-05
    -6.65425 4.73313e-05
    -6.65426 4.72242e-05
    -6.65425 4.67044e-05
    -6.65426 4.64892e-05
    -6.65426 4.60637e-05
    -6.65427 4.58771e-05
    -6.65428 4.57666e-05
    -6.65428  4.5222e-05
    -6.65428 4.46917e-05
    -6.65427 4.43608e-05
    -6.65427 4.38631e-05
    -6.65426 4.38805e-05
    -6.65427 4.34316e-05
    -6.65427 4.34108e-05
    -6.65428 4.34019e-05
    -6.65428 4.30264e-05
    -6.65428 4.26129e-05
    -6.65428 4.23544e-05
    -6.65428 4.20499e-05
    -6.65428 4.16454e-05
    -6.65428 4.12402e-05
    -6.65428 4.13391e-05
    -6.65428  4.1731e-05
    -6.65428 4.13672e-05
    -6.65427 4.24011e-05
