    -5.03723           0
    -5.04103  0.00379367
    -5.04036  0.00229045
    -5.04075  0.00166609
    -5.04079  0.00129139
    -5.03996  0.00134368
    -5.03984   0.0011418
    -5.04009  0.00102036
    -5.03984 0.000934529
    -5.04005 0.000861186
     -5.0397  0.00085197
    -5.03988 0.000797167
    -5.03993 0.000735478
    -5.03974 0.000709056
    -5.03971 0.000660831
    -5.04015 0.000760628
    -5.04018  0.00071507
    -5.04049 0.000744053
    -5.04037 0.000713885
    -5.04045 0.000681782
    -5.04063 0.000671829
    -5.04082 0.000668238
    -5.04076 0.000641017
    -5.04067 0.000620987
    -5.04055 0.000607655
    -5.04046 0.000589883
    -5.04066 0.000602253
    -5.04066 0.000580377
    -5.04067 0.000560188
    -5.04073 0.000544511
    -5.04089 0.000551181
    -5.04102 0.000548624
    -5.04111 0.000538653
    -5.04109 0.000523021
    -5.04103  0.00051132
      -5.041 0.000497843
    -5.04092 0.000490024
    -5.04087 0.000479554
    -5.04084   0.0004684
    -5.04075 0.000464693
    -5.04088 0.000471352
    -5.04088 0.000459993
    -5.04078 0.000459157
    -5.04086 0.000454926
    -5.04086 0.000444722
    -5.04084 0.000435365
    -5.04087   0.0004267
    -5.04088 0.000418001
     -5.0408 0.000417129
    -5.04081 0.000408742
    -5.04092 0.000414463
     -5.0409 0.000406705
    -5.04097 0.000405265
    -5.04089 0.000405564
    -5.04089 0.000398139
    -5.04083 0.000395864
    -5.04085 0.000389371
    -5.04092  0.00038926
    -5.04101 0.000394665
    -5.04099 0.000388587
    -5.04094 0.000385878
    -5.04094 0.000379616
    -5.04094 0.000373568
    -5.04094 0.000367694
    -5.04096 0.000362354
    -5.04091 0.000359827
    -5.04082 0.000367342
    -5.04081 0.000361964
    -5.04081  0.00035669
    -5.04082 0.000351735
    -5.04082 0.000346792
    -5.04083 0.000341951
    -5.04085 0.000337874
    -5.04082 0.000334825
     -5.0408 0.000330661
    -5.04081 0.000326424
    -5.04085 0.000325087
    -5.04081 0.000324068
    -5.04084 0.000321683
    -5.04082  0.00031817
    -5.04084 0.000314416
    -5.04078 0.000316342
    -5.04076 0.000313119
    -5.04076 0.000309428
    -5.04077 0.000305995
    -5.04075 0.000303367
    -5.04075 0.000299869
    -5.04076 0.000296684
    -5.04075 0.000293637
    -5.04071 0.000292932
    -5.04079 0.000300108
    -5.04081 0.000297201
     -5.0408  0.00029414
    -5.04078 0.000291608
    -5.04075 0.000289775
    -5.04073 0.000287502
    -5.04069 0.000286982
    -5.04069 0.000284039
    -5.04068 0.000281499
     -5.0407 0.000279412
