     2.07447           0
     2.06436   0.0101138
     2.06552  0.00595321
      2.0607  0.00640105
     2.06192  0.00510815
     2.06651   0.0061981
     2.06618  0.00524878
     2.06744  0.00471637
     2.06896  0.00442929
     2.06927  0.00397393
     2.07186    0.004429
     2.07116  0.00410238
     2.07059  0.00381668
     2.07213  0.00385316
      2.0727  0.00363265
     2.07021  0.00421523
      2.0703  0.00396055
     2.06849    0.004149
     2.06888  0.00394434
     2.06825  0.00379577
     2.06759  0.00367034
     2.06618   0.0037706
     2.06664  0.00363137
     2.06737  0.00355297
     2.06806  0.00347732
     2.06894  0.00345425
     2.06756  0.00359906
     2.06777  0.00347495
      2.0676  0.00335776
     2.06711  0.00328034
     2.06641  0.00324898
     2.06632  0.00314701
     2.06583  0.00308952
     2.06533  0.00303797
     2.06557  0.00295901
     2.06563  0.00287641
     2.06572  0.00279887
     2.06607  0.00274663
     2.06639  0.00269446
     2.06654   0.0026307
      2.0657  0.00270172
     2.06584  0.00264049
     2.06604  0.00258644
     2.06559  0.00256754
     2.06583  0.00252176
      2.0659  0.00246725
     2.06551  0.00244606
     2.06559  0.00239605
     2.06581  0.00235663
     2.06573  0.00231039
     2.06529  0.00230719
      2.0651   0.0022698
     2.06475  0.00225442
     2.06506  0.00223347
     2.06507  0.00219254
     2.06525  0.00216032
     2.06518  0.00212334
     2.06488  0.00210747
     2.06465  0.00208381
     2.06484  0.00205725
     2.06507  0.00203622
     2.06511   0.0020035
     2.06503  0.00197297
     2.06501  0.00194203
     2.06487  0.00191664
     2.06488   0.0018874
     2.06531   0.0019088
     2.06539  0.00188188
     2.06553  0.00185967
     2.06542    0.001836
     2.06552  0.00181303
     2.06548   0.0017883
     2.06566   0.0017726
     2.06583  0.00175716
     2.06582  0.00173363
     2.06602  0.00172337
      2.0659   0.0017056
     2.06607  0.00169233
     2.06584  0.00168649
     2.06589  0.00166619
     2.06574  0.00165242
     2.06586  0.00163622
     2.06578  0.00161844
     2.06573  0.00159968
     2.06564   0.0015836
     2.06564  0.00156508
     2.06576  0.00155153
     2.06554   0.0015496
     2.06548  0.00153316
     2.06573  0.00153704
     2.06527  0.00158893
     2.06502   0.0015916
     2.06508  0.00157562
     2.06524  0.00156709
     2.06553  0.00157725
      2.0657  0.00156947
       2.066  0.00158284
     2.06599  0.00156664
     2.06621  0.00156602
     2.06629  0.00155218
