    -3.42172           0
    -3.42188 0.000162182
    -3.42189 9.38944e-05
    -3.42194 8.25634e-05
    -3.42198 7.61078e-05
    -3.42193 8.07934e-05
    -3.42191 7.09137e-05
    -3.42191 6.14131e-05
     -3.4219 5.45679e-05
    -3.42193  5.7868e-05
    -3.42193 5.23626e-05
    -3.42193 4.78725e-05
    -3.42195  4.8432e-05
    -3.42195 4.51348e-05
    -3.42195 4.27211e-05
    -3.42198 4.77423e-05
    -3.42199 4.72148e-05
    -3.42201 4.69415e-05
    -3.42201 4.44825e-05
      -3.422 4.25249e-05
      -3.422 4.05423e-05
    -3.42199 4.03452e-05
    -3.42199 3.86022e-05
    -3.42197 4.31902e-05
    -3.42197 4.14673e-05
    -3.42196 4.17105e-05
    -3.42196 4.01539e-05
    -3.42195 3.94466e-05
    -3.42194 3.83886e-05
    -3.42195 3.72012e-05
    -3.42194 3.62895e-05
    -3.42195 3.56088e-05
    -3.42195 3.45142e-05
    -3.42195 3.37223e-05
    -3.42195 3.29772e-05
    -3.42195 3.20633e-05
    -3.42195 3.11968e-05
    -3.42194 3.08461e-05
    -3.42194 3.01204e-05
    -3.42193  2.9854e-05
    -3.42193  2.9164e-05
    -3.42193  2.8494e-05
    -3.42192 2.86902e-05
    -3.42193 2.81199e-05
    -3.42192 2.76902e-05
    -3.42192 2.75285e-05
    -3.42192 2.73243e-05
    -3.42192 2.68796e-05
    -3.42191 2.68217e-05
    -3.42191 2.64082e-05
    -3.42191 2.64908e-05
     -3.4219 2.70075e-05
    -3.42189 2.73233e-05
    -3.42188 2.78764e-05
    -3.42188 2.86147e-05
    -3.42187 2.83265e-05
    -3.42187 2.82925e-05
    -3.42186 2.79229e-05
    -3.42186 2.75934e-05
    -3.42186 2.73454e-05
    -3.42186 2.68974e-05
    -3.42185 2.69809e-05
    -3.42185 2.66209e-05
    -3.42185 2.62421e-05
    -3.42185  2.6098e-05
    -3.42184 2.57604e-05
    -3.42184 2.65789e-05
    -3.42183 2.64983e-05
    -3.42183 2.68144e-05
    -3.42183   2.646e-05
    -3.42182 2.63022e-05
    -3.42182 2.63023e-05
    -3.42182 2.59899e-05
    -3.42181 2.58077e-05
    -3.42181 2.54643e-05
     -3.4218 2.69179e-05
     -3.4218 2.67833e-05
    -3.42179 2.69111e-05
    -3.42179 2.70353e-05
    -3.42178 2.78517e-05
    -3.42178 2.81097e-05
    -3.42177 2.82066e-05
    -3.42177 2.79339e-05
    -3.42176 2.82637e-05
    -3.42176 2.82877e-05
    -3.42175 2.84093e-05
    -3.42175 2.86259e-05
    -3.42175 2.83625e-05
    -3.42174 2.80918e-05
    -3.42174 2.85356e-05
    -3.42174 2.84701e-05
    -3.42174  2.8176e-05
    -3.42173 2.85695e-05
    -3.42173 2.86296e-05
    -3.42172   2.877e-05
    -3.42172 2.93048e-05
    -3.42171 2.93585e-05
    -3.42171 2.92943e-05
     -3.4217 2.98093e-05
     -3.4217 2.97336e-05
