     1.07701           0
     1.07943  0.00242099
     1.07898  0.00146881
      1.0792  0.00106331
     1.07921 0.000823641
     1.07869 0.000850603
     1.07862 0.000721945
     1.07879 0.000647364
     1.07862 0.000593916
     1.07874 0.000544046
     1.07851 0.000542818
     1.07863 0.000509464
     1.07866 0.000469273
     1.07853 0.000453039
      1.0785 0.000422552
     1.07878 0.000483273
     1.07879 0.000454053
     1.07899 0.000472475
     1.07891 0.000453659
     1.07897 0.000433983
     1.07908 0.000428563
     1.07922 0.000430211
     1.07918 0.000412924
     1.07913 0.000398275
     1.07905 0.000390088
       1.079 0.000377849
     1.07914  0.00038784
     1.07914 0.000373733
     1.07915 0.000360844
     1.07919 0.000350681
      1.0793 0.000357051
     1.07938 0.000355061
     1.07944 0.000348845
     1.07942 0.000338864
     1.07938 0.000331113
     1.07937 0.000322381
     1.07932 0.000317451
     1.07929 0.000310401
     1.07926 0.000303126
     1.07921 0.000300375
      1.0793 0.000305726
      1.0793 0.000298359
     1.07924  0.00029722
     1.07929 0.000294476
     1.07929 0.000287902
     1.07928 0.000281732
      1.0793 0.000275989
     1.07931 0.000270447
     1.07926 0.000269534
     1.07927 0.000264147
     1.07934 0.000269421
     1.07933 0.000264243
     1.07939 0.000264362
     1.07934 0.000263811
     1.07934 0.000258989
      1.0793 0.000257295
     1.07932 0.000253295
     1.07937 0.000253774
     1.07944 0.000258134
     1.07942 0.000254058
     1.07939 0.000252427
     1.07939 0.000248326
     1.07939 0.000244389
      1.0794 0.000240556
     1.07941 0.000237196
     1.07938 0.000235463
     1.07932 0.000239338
     1.07932 0.000235799
     1.07932 0.000232368
     1.07933 0.000229175
     1.07934 0.000226004
     1.07934 0.000222892
     1.07935 0.000220324
     1.07934 0.000218196
     1.07933 0.000215481
     1.07934 0.000213016
     1.07937 0.000212549
     1.07934 0.000211513
     1.07937 0.000210386
     1.07936 0.000207857
     1.07937 0.000205586
     1.07934 0.000206376
     1.07932 0.000204212
     1.07933 0.000201928
     1.07934 0.000199835
     1.07933 0.000197901
     1.07934 0.000195684
     1.07935  0.00019367
     1.07934 0.000191641
     1.07932 0.000190713
     1.07937 0.000195053
     1.07938 0.000193211
     1.07937 0.000191134
     1.07936 0.000189332
     1.07935 0.000187896
     1.07934 0.000186161
     1.07932 0.000185535
     1.07932 0.000183643
     1.07932 0.000181838
     1.07933  0.00018072
