     1.61551           0
     1.61914  0.00363148
     1.61846  0.00220321
     1.61881  0.00159496
     1.61881  0.00123546
     1.61803   0.0012759
     1.61793  0.00108292
     1.61818 0.000971047
     1.61794 0.000890873
     1.61811 0.000816069
     1.61777 0.000814227
     1.61795 0.000764196
     1.61798 0.000703909
     1.61779 0.000679558
     1.61775 0.000633828
     1.61817 0.000724909
     1.61818  0.00068108
     1.61848 0.000708713
     1.61837 0.000680488
     1.61845 0.000650974
     1.61862 0.000642844
     1.61883 0.000645316
     1.61877 0.000619386
     1.61869 0.000597412
     1.61858 0.000585133
      1.6185 0.000566773
     1.61871 0.000581759
     1.61871   0.0005606
     1.61873 0.000541266
     1.61878 0.000526022
     1.61895 0.000535576
     1.61907 0.000532591
     1.61916 0.000523268
     1.61913 0.000508296
     1.61908  0.00049667
     1.61905 0.000483571
     1.61897 0.000476176
     1.61893 0.000465601
      1.6189 0.000454689
     1.61882 0.000450563
     1.61895 0.000458589
     1.61895 0.000447539
     1.61886  0.00044583
     1.61893 0.000441714
     1.61894 0.000431854
     1.61893 0.000422598
     1.61895 0.000413983
     1.61896  0.00040567
     1.61889 0.000404301
      1.6189  0.00039622
     1.61901 0.000404131
       1.619 0.000396364
     1.61908 0.000396542
     1.61901 0.000395717
     1.61901 0.000388483
     1.61895 0.000385943
     1.61898 0.000379943
     1.61905  0.00038066
     1.61915   0.0003872
     1.61914 0.000381087
     1.61908  0.00037864
     1.61908 0.000372489
     1.61909 0.000366583
     1.61909 0.000360834
     1.61911 0.000355793
     1.61907 0.000353194
     1.61898 0.000359006
     1.61898 0.000353698
     1.61898 0.000348551
     1.61899 0.000343762
       1.619 0.000339006
     1.61901 0.000334338
     1.61903 0.000330486
       1.619 0.000327294
     1.61899 0.000323221
     1.61901 0.000319524
     1.61905 0.000318823
     1.61901  0.00031727
     1.61905 0.000315579
     1.61904 0.000311786
     1.61906 0.000308379
       1.619 0.000309564
     1.61899 0.000306318
       1.619 0.000302891
     1.61902 0.000299753
       1.619 0.000296852
       1.619 0.000293527
     1.61902 0.000290504
     1.61901 0.000287461
     1.61897  0.00028607
     1.61905  0.00029258
     1.61906 0.000289817
     1.61906 0.000286702
     1.61905 0.000283998
     1.61903 0.000281844
     1.61901 0.000279242
     1.61898 0.000278302
     1.61898 0.000275465
     1.61897 0.000272758
       1.619  0.00027108
